<?xml version="1.0" encoding="UTF-8"?>
<testng-results ignored="0" total="1" passed="1" failed="0" skipped="0">
  <reporter-output>
  </reporter-output>
  <suite started-at="2023-04-04T23:49:24 IST" name="Default suite" finished-at="2023-04-04T23:49:32 IST" duration-ms="8367">
    <groups>
    </groups>
    <test started-at="2023-04-04T23:49:24 IST" name="Default test" finished-at="2023-04-04T23:49:32 IST" duration-ms="8367">
      <class name="test_NG.Flipkart_signin">
        <test-method is-config="true" signature="lunchbrowser()[pri:0, instance:test_NG.Flipkart_signin@6e0dec4a]" started-at="2023-04-04T23:49:24 IST" name="lunchbrowser" finished-at="2023-04-04T23:49:31 IST" duration-ms="6749" status="PASS">
          <reporter-output>
          </reporter-output>
        </test-method> <!-- lunchbrowser -->
        <test-method signature="signin()[pri:0, instance:test_NG.Flipkart_signin@6e0dec4a]" started-at="2023-04-04T23:49:31 IST" name="signin" finished-at="2023-04-04T23:49:31 IST" duration-ms="568" status="PASS">
          <reporter-output>
          </reporter-output>
        </test-method> <!-- signin -->
        <test-method is-config="true" signature="closebrowser()[pri:0, instance:test_NG.Flipkart_signin@6e0dec4a]" started-at="2023-04-04T23:49:31 IST" name="closebrowser" finished-at="2023-04-04T23:49:32 IST" duration-ms="973" status="PASS">
          <reporter-output>
          </reporter-output>
        </test-method> <!-- closebrowser -->
      </class> <!-- test_NG.Flipkart_signin -->
    </test> <!-- Default test -->
  </suite> <!-- Default suite -->
</testng-results>
